[0m23:13:31.615183 [debug] [MainThread]: Sending event: {'category': 'dbt', 'action': 'invocation', 'label': 'start', 'context': [<snowplow_tracker.self_describing_json.SelfDescribingJson object at 0x1063c6e40>, <snowplow_tracker.self_describing_json.SelfDescribingJson object at 0x10737b4d0>, <snowplow_tracker.self_describing_json.SelfDescribingJson object at 0x10737b610>]}


============================== 23:13:31.617060 | 30fd9443-b3cf-4cd5-a12c-8a0b69b28316 ==============================
[0m23:13:31.617060 [info ] [MainThread]: Running with dbt=1.10.2
[0m23:13:31.617302 [debug] [MainThread]: running dbt with arguments {'printer_width': '80', 'indirect_selection': 'eager', 'log_cache_events': 'False', 'write_json': 'True', 'partial_parse': 'True', 'cache_selected_only': 'False', 'warn_error': 'None', 'fail_fast': 'False', 'version_check': 'True', 'log_path': 'logs', 'profiles_dir': '/Users/saikumar/.dbt', 'debug': 'False', 'use_colors': 'True', 'use_experimental_parser': 'False', 'no_print': 'None', 'quiet': 'False', 'empty': 'None', 'log_format': 'default', 'static_parser': 'True', 'warn_error_options': 'WarnErrorOptionsV2(error=[], warn=[], silence=[])', 'introspect': 'True', 'target_path': 'None', 'invocation_command': 'dbt init movielens_project', 'send_anonymous_usage_stats': 'True'}
[0m23:13:31.622021 [debug] [MainThread]: Starter project path: /Users/saikumar/.local/share/virtualenvs/movielens_project-0VnmHLMp/lib/python3.13/site-packages/dbt/include/starter_project
[0m23:13:31.625164 [info ] [MainThread]: 
Your new dbt project "movielens_project" was created!

For more information on how to configure the profiles.yml file,
please consult the dbt documentation here:

  https://docs.getdbt.com/docs/configure-your-profile

One more thing:

Need help? Don't hesitate to reach out to us via GitHub issues or on Slack:

  https://community.getdbt.com/

Happy modeling!

[0m23:13:31.625553 [info ] [MainThread]: Setting up your profile.
[0m23:17:29.063709 [info ] [MainThread]: Profile movielens_project written to /Users/saikumar/.dbt/profiles.yml using target's profile_template.yml and your supplied values. Run 'dbt debug' to validate the connection.
[0m23:17:29.070193 [debug] [MainThread]: Resource report: {"command_name": "init", "command_success": true, "command_wall_clock_time": 237.47969, "process_in_blocks": "0", "process_kernel_time": 0.195342, "process_mem_max_rss": "357498880", "process_out_blocks": "0", "process_user_time": 1.069813}
[0m23:17:29.071186 [debug] [MainThread]: Command `dbt init` succeeded at 23:17:29.071052 after 237.48 seconds
[0m23:17:29.071576 [debug] [MainThread]: Sending event: {'category': 'dbt', 'action': 'invocation', 'label': 'end', 'context': [<snowplow_tracker.self_describing_json.SelfDescribingJson object at 0x11b48b360>, <snowplow_tracker.self_describing_json.SelfDescribingJson object at 0x11b4c5fd0>, <snowplow_tracker.self_describing_json.SelfDescribingJson object at 0x11b466140>]}
[0m23:17:29.071906 [debug] [MainThread]: Flushing usage events
[0m23:17:29.515821 [debug] [MainThread]: An error was encountered while trying to flush usage events
